***  Installation Started 11/24/20 17:27  ***
Title: Cold Ice Beta 1 Installation
Source: \\VBOXSVR\vm-folder\coldicebeta1.EXE
Made Dir: C:\Sierra\Half-Life
Made Dir: C:\Sierra\Half-Life\ICE
File Copy: C:\Sierra\Half-Life\ICE\UNWISE.EXE
RegDB Key: Software\Microsoft\Windows\CurrentVersion\Uninstall\Cold Ice Beta 1
RegDB Val: Cold Ice Beta 1
RegDB Name: DisplayName
RegDB Root: 2
RegDB Key: Software\Microsoft\Windows\CurrentVersion\Uninstall\Cold Ice Beta 1
RegDB Val: C:\Sierra\HALF-L~1\ICE\UNWISE.EXE C:\Sierra\HALF-L~1\ICE\INSTALL.LOG
RegDB Name: UninstallString
RegDB Root: 2
File Copy: C:\Sierra\Half-Life\ICE\cached.WAD
File Copy: C:\Sierra\Half-Life\ICE\Cold Ice Beta1 2x.lnk
File Copy: C:\Sierra\Half-Life\ICE\Cold Ice Team.txt
File Copy: C:\Sierra\Half-Life\ICE\commands.txt
File Copy: C:\Sierra\Half-Life\ICE\gfx.wad
File Copy: C:\Sierra\Half-Life\ICE\How to play Cold Ice.txt
File Copy: C:\Sierra\Half-Life\ICE\Icon.ico
File Copy: C:\Sierra\Half-Life\ICE\Las_sctc.WAD
File Copy: C:\Sierra\Half-Life\ICE\liblist.gam
File Copy: C:\Sierra\Half-Life\ICE\logo.jpg
File Copy: C:\Sierra\Half-Life\ICE\mapcycle.txt
File Copy: C:\Sierra\Half-Life\ICE\motd.txt
File Copy: C:\Sierra\Half-Life\ICE\pak0.PAK
File Copy: C:\Sierra\Half-Life\ICE\Readme.txt
File Copy: C:\Sierra\Half-Life\ICE\snow.wad
Made Dir: C:\Sierra\Half-Life\ICE\cl_dlls
File Copy: C:\Sierra\Half-Life\ICE\cl_dlls\client.dll
Made Dir: C:\Sierra\Half-Life\ICE\dlls
File Copy: C:\Sierra\Half-Life\ICE\dlls\mp.dll
File Copy: C:\Sierra\Half-Life\ICE\dlls\mp.map
Made Dir: C:\Sierra\Half-Life\ICE\media
File Copy: C:\Sierra\Half-Life\ICE\media\logo.avi
Shell Link: C:\Documents and Settings\All Users\Desktop\Cold Ice Beta1 2x.lnk
User Rights: Admin
