// String patches

// #define IDS_MAIN_PREVIEWSHELP           400
// #define IDS_MAIN_CUSTOMHELP             530
// #define IDS_MAIN_RETURNHELP             188
// #define IDS_MAIN_NEWGAMEHELP            189
// #define IDS_MAIN_TRAININGHELP           190
// #define IDS_MAIN_LOADHELP               191
// #define IDS_MAIN_LOADSAVEHELP           192
// #define IDS_MAIN_CONFIGUREHELP          193
// #define IDS_MAIN_READMEHELP             194
// #define IDS_MAIN_ORDERHELP              195
// #define IDS_MAIN_QUITHELP               196
// #define IDS_MAIN_QUICKHELP              197
// #define IDS_MAIN_MULTIPLAYERHELP        198
// #define IDS_MAIN_QUITPROMPTINGAME       235
// #define IDS_MAIN_QUITPROMPT             236

402 "http://www.planethalflife.com/ice"
400 "Find out more about Cold-Ice Resurrection."
530 "Why would you need this? Can't get any better than this."
188 " "
189 " "
190 " "
191 " "
192 " "
193 "Edit your Configuration."
194 "View the release notes."
196 "Quit."
198 "Play Cold-Ice Resurrection On-Line, where everyonelse does."
235 "That's right... Run away like a coward."
236 "Running from the real fun?"
234 " "
338 "Could not validate Cold-Ice Resurrection"
340 "CD-Rom Error."
