"blank"			"=========================="
"blank"			"#Valve_Movement_Title"
"blank"			"=========================="
"+forward"		"#Valve_Move_Forward"
"+back"			"#Valve_Move_Back"
"+left"			"#Valve_Turn_Left"
"+right"		"#Valve_Turn_Right"
"+moveleft"		"#Valve_Move_Left"
"+moveright"	"#Valve_Move_Right"
"+jump"			"#Valve_Jump"
"+duck"			"#Valve_Duck"
"+moveup"		"#Valve_Swim_Up"
"+movedown"		"#Valve_Swim_Down"
"+lookup"		"#Valve_Look_Up"
"+lookdown"		"#Valve_Look_Down"
"force_centerview"	"#Valve_Look_Straight_Ahead"
"+strafe"		"#Valve_Strafe_Modifier"
"+mlook"		"#Valve_Mouse_Look_Modifier"
"+klook"		"#Valve_Keyboard_Look_Modifier"
"+use"			"#Valve_Use_Items"
"blank"			"=========================="
"blank"			"#Valve_Communication_Title"
"blank"			"=========================="
"+voicerecord"	"#Valve_Use_Voice_Communication"
"messagemode"	"#Valve_Chat_Message"
"messagemode2"	"#Valve_Team_Message"
"blank"			"=========================="
"blank"			"#Valve_Combat_Title"
"blank"			"=========================="
"+attack"		"#Valve_Primary_Attack"
"+attack2"		"#Valve_Secondary_Attack"
"+reload"		"#Valve_Reload_Weapon"
"+speed"		"#Valve_Walk"
"impulse 100"	"#Valve_Flashlight"
"impulse 201"	"#Valve_Spray_Logo"
"slot1"			"#Valve_Weapon_Category_1"
"use weapon_crowbar"			"#Ice_StandardCrowbar"
"use weapon_knife"			"#Ice_CombatKnife"
"slot2"			"#Valve_Weapon_Category_2"
"use weapon_9mmhandgun"			"#Ice_PPK"
"slot3" 		"#Valve_Weapon_Category_3"
"use weapon_crossbow"			"#Ice_Boltgun"
"use weapon_sniperrifle"			"#Ice_SniperRifle"
"slot4"			"#Valve_Weapon_Category_4"
"use weapon_rpg"			"#Ice_ExtremeRPG"
"use weapon_railgun"			"#Ice_Railgun"
"slot5"			"#Valve_Weapon_Category_5"
"use weapon_vest"			"#Ice_Vest"
"use weapon_chumtoad"			"#Ice_Chumtoad"
"use weapon_grenade"			"#Ice_ClusterGrenades"
"use weapon_tripmine"			"#Ice_Tripmine"
"invprev"		"#Valve_Previous_Weapon"
"invnext"		"#Valve_Next_Weapon"
"lastinv"		"#Valve_Last_Weapon_Used"
"blank"			"=========================="
"blank"			"#Valve_Miscellaneous_Title"
"blank"			"=========================="
"+showscores"	"#Valve_Display_Scores"
"snapshot"		"#Valve_Take_Screen_Shot"
"save quick"	"#Valve_Quick_Save"
"load quick"	"#Valve_Quick_Load"
"pause"			"#Valve_Pause_Game"
"quit"			"#Valve_Quit_Game"
"blank"			"=========================="
"blank"			"#Ice_Extras_Title"
"blank"			"=========================="
"+hook"			"#Ice_Grappling_Hook"
